\BOOKMARK [0][-]{chapter.1}{\376\377\000M\000a\000i\000n\000\040\000P\000a\000g\000e}{}% 1
\BOOKMARK [0][-]{chapter.2}{\376\377\000M\000o\000d\000u\000l\000e\000\040\000I\000n\000d\000e\000x}{}% 2
\BOOKMARK [1][-]{section.2.1}{\376\377\000M\000o\000d\000u\000l\000e\000s}{chapter.2}% 3
\BOOKMARK [0][-]{chapter.3}{\376\377\000F\000i\000l\000e\000\040\000I\000n\000d\000e\000x}{}% 4
\BOOKMARK [1][-]{section.3.1}{\376\377\000F\000i\000l\000e\000\040\000L\000i\000s\000t}{chapter.3}% 5
\BOOKMARK [0][-]{chapter.4}{\376\377\000M\000o\000d\000u\000l\000e\000\040\000D\000o\000c\000u\000m\000e\000n\000t\000a\000t\000i\000o\000n}{}% 6
\BOOKMARK [1][-]{section.4.1}{\376\377\000U\000A\000R\000T\000\040\000L\000i\000b\000r\000a\000r\000y}{chapter.4}% 7
\BOOKMARK [2][-]{subsection.4.1.1}{\376\377\000D\000e\000t\000a\000i\000l\000e\000d\000\040\000D\000e\000s\000c\000r\000i\000p\000t\000i\000o\000n}{section.4.1}% 8
\BOOKMARK [2][-]{subsection.4.1.2}{\376\377\000M\000a\000c\000r\000o\000\040\000D\000e\000f\000i\000n\000i\000t\000i\000o\000n\000\040\000D\000o\000c\000u\000m\000e\000n\000t\000a\000t\000i\000o\000n}{section.4.1}% 9
\BOOKMARK [3][-]{subsubsection.4.1.2.1}{\376\377\000B\000A\000U\000D}{subsection.4.1.2}% 10
\BOOKMARK [3][-]{subsubsection.4.1.2.2}{\376\377\000F\000L\000O\000W\000C\000O\000N\000T\000R\000O\000L}{subsection.4.1.2}% 11
\BOOKMARK [3][-]{subsubsection.4.1.2.3}{\376\377\000F\000L\000O\000W\000M\000A\000R\000K}{subsection.4.1.2}% 12
\BOOKMARK [3][-]{subsubsection.4.1.2.4}{\376\377\000R\000X\000\137\000B\000U\000F\000F\000E\000R\000\137\000S\000I\000Z\000E}{subsection.4.1.2}% 13
\BOOKMARK [3][-]{subsubsection.4.1.2.5}{\376\377\000T\000X\000\137\000B\000U\000F\000F\000E\000R\000\137\000S\000I\000Z\000E}{subsection.4.1.2}% 14
\BOOKMARK [3][-]{subsubsection.4.1.2.6}{\376\377\000X\000O\000F\000F}{subsection.4.1.2}% 15
\BOOKMARK [3][-]{subsubsection.4.1.2.7}{\376\377\000X\000O\000N}{subsection.4.1.2}% 16
\BOOKMARK [2][-]{subsection.4.1.3}{\376\377\000F\000u\000n\000c\000t\000i\000o\000n\000\040\000D\000o\000c\000u\000m\000e\000n\000t\000a\000t\000i\000o\000n}{section.4.1}% 17
\BOOKMARK [3][-]{subsubsection.4.1.3.1}{\376\377\000s\000e\000r\000i\000a\000l\000A\000v\000a\000i\000l\000a\000b\000l\000e}{subsection.4.1.3}% 18
\BOOKMARK [3][-]{subsubsection.4.1.3.2}{\376\377\000s\000e\000r\000i\000a\000l\000C\000l\000o\000s\000e}{subsection.4.1.3}% 19
\BOOKMARK [3][-]{subsubsection.4.1.3.3}{\376\377\000s\000e\000r\000i\000a\000l\000G\000e\000t}{subsection.4.1.3}% 20
\BOOKMARK [3][-]{subsubsection.4.1.3.4}{\376\377\000s\000e\000r\000i\000a\000l\000G\000e\000t\000B\000l\000o\000c\000k\000i\000n\000g}{subsection.4.1.3}% 21
\BOOKMARK [3][-]{subsubsection.4.1.3.5}{\376\377\000s\000e\000r\000i\000a\000l\000H\000a\000s\000C\000h\000a\000r}{subsection.4.1.3}% 22
\BOOKMARK [3][-]{subsubsection.4.1.3.6}{\376\377\000s\000e\000r\000i\000a\000l\000I\000n\000i\000t}{subsection.4.1.3}% 23
\BOOKMARK [3][-]{subsubsection.4.1.3.7}{\376\377\000s\000e\000r\000i\000a\000l\000R\000x\000B\000u\000f\000f\000e\000r\000E\000m\000p\000t\000y}{subsection.4.1.3}% 24
\BOOKMARK [3][-]{subsubsection.4.1.3.8}{\376\377\000s\000e\000r\000i\000a\000l\000R\000x\000B\000u\000f\000f\000e\000r\000F\000u\000l\000l}{subsection.4.1.3}% 25
\BOOKMARK [3][-]{subsubsection.4.1.3.9}{\376\377\000s\000e\000r\000i\000a\000l\000T\000x\000B\000u\000f\000f\000e\000r\000E\000m\000p\000t\000y}{subsection.4.1.3}% 26
\BOOKMARK [3][-]{subsubsection.4.1.3.10}{\376\377\000s\000e\000r\000i\000a\000l\000T\000x\000B\000u\000f\000f\000e\000r\000F\000u\000l\000l}{subsection.4.1.3}% 27
\BOOKMARK [3][-]{subsubsection.4.1.3.11}{\376\377\000s\000e\000r\000i\000a\000l\000W\000r\000i\000t\000e}{subsection.4.1.3}% 28
\BOOKMARK [3][-]{subsubsection.4.1.3.12}{\376\377\000s\000e\000r\000i\000a\000l\000W\000r\000i\000t\000e\000S\000t\000r\000i\000n\000g}{subsection.4.1.3}% 29
\BOOKMARK [3][-]{subsubsection.4.1.3.13}{\376\377\000s\000e\000t\000F\000l\000o\000w}{subsection.4.1.3}% 30
\BOOKMARK [0][-]{chapter.5}{\376\377\000F\000i\000l\000e\000\040\000D\000o\000c\000u\000m\000e\000n\000t\000a\000t\000i\000o\000n}{}% 31
\BOOKMARK [1][-]{section.5.1}{\376\377\000s\000e\000r\000i\000a\000l\000.\000c\000\040\000F\000i\000l\000e\000\040\000R\000e\000f\000e\000r\000e\000n\000c\000e}{chapter.5}% 32
\BOOKMARK [2][-]{subsection.5.1.1}{\376\377\000D\000e\000t\000a\000i\000l\000e\000d\000\040\000D\000e\000s\000c\000r\000i\000p\000t\000i\000o\000n}{section.5.1}% 33
\BOOKMARK [1][-]{section.5.2}{\376\377\000s\000e\000r\000i\000a\000l\000.\000h\000\040\000F\000i\000l\000e\000\040\000R\000e\000f\000e\000r\000e\000n\000c\000e}{chapter.5}% 34
\BOOKMARK [2][-]{subsection.5.2.1}{\376\377\000D\000e\000t\000a\000i\000l\000e\000d\000\040\000D\000e\000s\000c\000r\000i\000p\000t\000i\000o\000n}{section.5.2}% 35
\BOOKMARK [1][-]{section.5.3}{\376\377\000s\000e\000r\000i\000a\000l\000\137\000d\000e\000v\000i\000c\000e\000.\000h\000\040\000F\000i\000l\000e\000\040\000R\000e\000f\000e\000r\000e\000n\000c\000e}{chapter.5}% 36
\BOOKMARK [2][-]{subsection.5.3.1}{\376\377\000D\000e\000t\000a\000i\000l\000e\000d\000\040\000D\000e\000s\000c\000r\000i\000p\000t\000i\000o\000n}{section.5.3}% 37
\BOOKMARK [0][-]{chapter.6}{\376\377\000E\000x\000a\000m\000p\000l\000e\000\040\000D\000o\000c\000u\000m\000e\000n\000t\000a\000t\000i\000o\000n}{}% 38
\BOOKMARK [1][-]{section.6.1}{\376\377\000t\000e\000s\000t\000.\000c}{chapter.6}% 39
\BOOKMARK [-1][-]{section.6.1}{\376\377\000I\000n\000d\000e\000x}{}% 40
